[NFO] [2017-09-06 00:34:26] [7056] Cache folder created
[NFO] [2017-09-06 00:34:26] [7056] Cache manager initialized correctly
[NFO] [2017-09-06 00:34:30] [7056] SO_KEEPALIVE set

[NFO] [2017-09-06 00:34:30] [7063] Thread created [1878827223]
[NFO] [2017-09-06 00:34:30] [7062] Thread created [1878860007]
[NFO] [2017-09-06 00:34:30] [7065] Thread created [1878761655]
[NFO] [2017-09-06 00:34:30] [7064] Thread created [1878794439]
[NFO] [2017-09-06 00:34:30] [7066] Thread created [1878728871]
[NFO] [2017-09-06 00:34:30] [7067] Thread created [1878696087]
[NFO] [2017-09-06 00:34:30] [7068] Thread created [1878663303]
[NFO] [2017-09-06 00:34:30] [7069] Thread created [1878630519]
[NFO] [2017-09-06 00:34:30] [7071] Thread created [1878564951]
[NFO] [2017-09-06 00:34:30] [7070] Thread created [1878597735]
[NFO] [2017-09-06 00:34:46] [7056] 
user time = 4.112, sys time = 0.089

[NFO] [2017-09-06 00:46:21] [7360] Cache folder created
[NFO] [2017-09-06 00:46:21] [7360] Cache manager initialized correctly
[NFO] [2017-09-06 00:46:21] [7360] Server port: 9992, Number of threads: 10, backlog: 10, LOG_LEVEL: 7

[NFO] [2017-09-06 00:46:25] [7360] SO_KEEPALIVE set

[NFO] [2017-09-06 00:46:25] [7366] Thread created [4215480583]
[NFO] [2017-09-06 00:46:25] [7372] Thread created [4215283879]
[NFO] [2017-09-06 00:46:25] [7367] Thread created [4215447799]
[NFO] [2017-09-06 00:46:25] [7368] Thread created [4215415015]
[NFO] [2017-09-06 00:46:25] [7370] Thread created [4215349447]
[NFO] [2017-09-06 00:46:25] [7371] Thread created [4215316663]
[NFO] [2017-09-06 00:46:25] [7369] Thread created [4215382231]
[NFO] [2017-09-06 00:46:25] [7373] Thread created [4214726807]
[NFO] [2017-09-06 00:46:25] [7375] Thread created [4215218311]
[NFO] [2017-09-06 00:46:25] [7374] Thread created [4215251095]
[NFO] [2017-09-06 00:46:35] [7366] ...begin client service...
[NFO] [2017-09-06 00:46:35] [7366] Header HTTP OK
[NFO] [2017-09-06 00:46:35] [7366] HTTP/1.1 200 OK

[NFO] [2017-09-06 00:46:35] [7366] Request path: /
[NFO] [2017-09-06 00:46:35] [7366] Accept = 
[NFO] [2017-09-06 00:46:35] [7366] text/html,application/xhtml+xml,application/xml;q=0.9,*/*;q=0.8
[ERR] [2017-09-06 00:46:35] [7366] fileNotFound
[NFO] [2017-09-06 00:46:35] [7366] file served
[NFO] [2017-09-06 00:46:35] [7366] Header HTTP OK
[NFO] [2017-09-06 00:46:35] [7366] HTTP/1.1 200 OK

[NFO] [2017-09-06 00:46:35] [7366] Request path: /bgr.gif
[NFO] [2017-09-06 00:46:35] [7366] Accept = 
[NFO] [2017-09-06 00:46:35] [7372] ...begin client service...
[NFO] [2017-09-06 00:46:35] [7366] */*
[ERR] [2017-09-06 00:46:35] [7366] fileNotFound
[NFO] [2017-09-06 00:46:35] [7372] Header HTTP OK
[NFO] [2017-09-06 00:46:35] [7372] HTTP/1.1 200 OK

[NFO] [2017-09-06 00:46:35] [7372] Request path: /thumbs/picture1.png
[NFO] [2017-09-06 00:46:35] [7372] Accept = 
[NFO] [2017-09-06 00:46:35] [7372] */*
[NFO] [2017-09-06 00:46:35] [7367] ...begin client service...
[NFO] [2017-09-06 00:46:35] [7367] Header HTTP OK
[NFO] [2017-09-06 00:46:35] [7367] HTTP/1.1 200 OK

[NFO] [2017-09-06 00:46:35] [7367] Request path: /thumbs/picture2.png
[NFO] [2017-09-06 00:46:35] [7367] Accept = 
[NFO] [2017-09-06 00:46:35] [7367] */*
[NFO] [2017-09-06 00:46:35] [7370] ...begin client service...
[NFO] [2017-09-06 00:46:35] [7370] Header HTTP OK
[NFO] [2017-09-06 00:46:35] [7370] HTTP/1.1 200 OK

[NFO] [2017-09-06 00:46:35] [7370] Request path: /thumbs/picture3.png
[NFO] [2017-09-06 00:46:35] [7370] Accept = 
[NFO] [2017-09-06 00:46:35] [7370] */*
[NFO] [2017-09-06 00:46:35] [7368] ...begin client service...
[NFO] [2017-09-06 00:46:35] [7368] Header HTTP OK
[NFO] [2017-09-06 00:46:35] [7368] HTTP/1.1 200 OK

[NFO] [2017-09-06 00:46:35] [7368] Request path: /thumbs/picture4.png
[NFO] [2017-09-06 00:46:35] [7368] Accept = 
[NFO] [2017-09-06 00:46:35] [7368] */*
[NFO] [2017-09-06 00:46:35] [7371] ...begin client service...
[NFO] [2017-09-06 00:46:35] [7371] Header HTTP OK
[NFO] [2017-09-06 00:46:35] [7371] HTTP/1.1 200 OK

[NFO] [2017-09-06 00:46:35] [7371] Request path: /thumbs/picture5.png
[NFO] [2017-09-06 00:46:35] [7371] Accept = 
[NFO] [2017-09-06 00:46:35] [7371] */*
[NFO] [2017-09-06 00:46:35] [7366] file served
[NFO] [2017-09-06 00:46:35] [7366] Header HTTP OK
[NFO] [2017-09-06 00:46:35] [7366] HTTP/1.1 200 OK

[NFO] [2017-09-06 00:46:35] [7366] Request path: /thumbs/picture6.png
[NFO] [2017-09-06 00:46:35] [7366] Accept = 
[NFO] [2017-09-06 00:46:35] [7366] */*
[ERR] [2017-09-06 00:46:36] [7372] fileNotFound
[NFO] [2017-09-06 00:46:36] [7372] file served
[NFO] [2017-09-06 00:46:36] [7372] Header HTTP OK
[NFO] [2017-09-06 00:46:36] [7372] HTTP/1.1 200 OK

[NFO] [2017-09-06 00:46:36] [7372] Request path: /thumbs/picture7.png
[NFO] [2017-09-06 00:46:36] [7372] Accept = 
[NFO] [2017-09-06 00:46:36] [7372] */*
[ERR] [2017-09-06 00:46:36] [7367] fileNotFound
[NFO] [2017-09-06 00:46:36] [7367] file served
[NFO] [2017-09-06 00:46:36] [7367] Header HTTP OK
[NFO] [2017-09-06 00:46:36] [7367] HTTP/1.1 200 OK

[NFO] [2017-09-06 00:46:36] [7367] Request path: /thumbs/picture8.png
[NFO] [2017-09-06 00:46:36] [7367] Accept = 
[NFO] [2017-09-06 00:46:36] [7367] */*
[ERR] [2017-09-06 00:46:36] [7370] fileNotFound
[NFO] [2017-09-06 00:46:36] [7370] file served
[NFO] [2017-09-06 00:46:36] [7370] Header HTTP OK
[NFO] [2017-09-06 00:46:36] [7370] HTTP/1.1 200 OK

[NFO] [2017-09-06 00:46:36] [7370] Request path: /thumbs/picture9.png
[NFO] [2017-09-06 00:46:36] [7370] Accept = 
[NFO] [2017-09-06 00:46:36] [7370] */*
[ERR] [2017-09-06 00:46:36] [7366] fileNotFound
[NFO] [2017-09-06 00:46:36] [7366] file served
[NFO] [2017-09-06 00:46:36] [7366] Header HTTP OK
[NFO] [2017-09-06 00:46:36] [7366] HTTP/1.1 200 OK

[NFO] [2017-09-06 00:46:36] [7366] Request path: /thumbs/picture10.png
[NFO] [2017-09-06 00:46:36] [7366] Accept = 
[NFO] [2017-09-06 00:46:36] [7366] */*
[ERR] [2017-09-06 00:46:36] [7368] fileNotFound
[NFO] [2017-09-06 00:46:36] [7368] file served
[NFO] [2017-09-06 00:46:36] [7368] Header HTTP OK
[NFO] [2017-09-06 00:46:36] [7368] HTTP/1.1 200 OK

[NFO] [2017-09-06 00:46:36] [7368] Request path: /thumbs/picture11.png
[NFO] [2017-09-06 00:46:36] [7368] Accept = 
[NFO] [2017-09-06 00:46:36] [7368] */*
[ERR] [2017-09-06 00:46:36] [7370] fileNotFound
[NFO] [2017-09-06 00:46:36] [7370] file served
[NFO] [2017-09-06 00:46:36] [7370] Header HTTP OK
[NFO] [2017-09-06 00:46:36] [7370] HTTP/1.1 200 OK

[NFO] [2017-09-06 00:46:36] [7370] Request path: /thumbs/picture12.png
[NFO] [2017-09-06 00:46:36] [7370] Accept = 
[NFO] [2017-09-06 00:46:36] [7370] */*
[ERR] [2017-09-06 00:46:37] [7371] fileNotFound
[NFO] [2017-09-06 00:46:37] [7371] file served
[NFO] [2017-09-06 00:46:37] [7371] Header HTTP OK
[NFO] [2017-09-06 00:46:37] [7371] HTTP/1.1 200 OK

[NFO] [2017-09-06 00:46:37] [7371] Request path: /thumbs/picture13.png
[NFO] [2017-09-06 00:46:37] [7371] Accept = 
[NFO] [2017-09-06 00:46:37] [7371] */*
[ERR] [2017-09-06 00:46:37] [7367] fileNotFound
[NFO] [2017-09-06 00:46:37] [7367] file served
[NFO] [2017-09-06 00:46:37] [7367] Header HTTP OK
[NFO] [2017-09-06 00:46:37] [7367] HTTP/1.1 200 OK

[NFO] [2017-09-06 00:46:37] [7367] Request path: /thumbs/picture14.png
[NFO] [2017-09-06 00:46:37] [7367] Accept = 
[NFO] [2017-09-06 00:46:37] [7367] */*
[ERR] [2017-09-06 00:46:37] [7372] fileNotFound
[NFO] [2017-09-06 00:46:37] [7372] file served
[NFO] [2017-09-06 00:46:37] [7372] Header HTTP OK
[NFO] [2017-09-06 00:46:37] [7372] HTTP/1.1 200 OK

[NFO] [2017-09-06 00:46:37] [7372] Request path: /thumbs/picture15.png
[NFO] [2017-09-06 00:46:37] [7372] Accept = 
[NFO] [2017-09-06 00:46:37] [7372] */*
[ERR] [2017-09-06 00:46:38] [7366] fileNotFound
[NFO] [2017-09-06 00:46:38] [7366] file served
[ERR] [2017-09-06 00:46:38] [7368] fileNotFound
[NFO] [2017-09-06 00:46:38] [7366] Header HTTP OK
[NFO] [2017-09-06 00:46:38] [7366] HTTP/1.1 200 OK

[NFO] [2017-09-06 00:46:38] [7368] file served
[NFO] [2017-09-06 00:46:38] [7368] Header HTTP OK
[NFO] [2017-09-06 00:46:38] [7368] HTTP/1.1 200 OK

[NFO] [2017-09-06 00:46:38] [7368] Request path: /thumbs/picture17.png
[NFO] [2017-09-06 00:46:38] [7368] Accept = 
[NFO] [2017-09-06 00:46:38] [7368] */*
[NFO] [2017-09-06 00:46:38] [7366] Request path: /thumbs/picture16.png
[NFO] [2017-09-06 00:46:38] [7366] Accept = 
[NFO] [2017-09-06 00:46:38] [7366] */*
[ERR] [2017-09-06 00:46:38] [7370] fileNotFound
[NFO] [2017-09-06 00:46:38] [7370] file served
[NFO] [2017-09-06 00:46:38] [7370] Header HTTP OK
[NFO] [2017-09-06 00:46:38] [7370] HTTP/1.1 200 OK

[NFO] [2017-09-06 00:46:38] [7370] Request path: /thumbs/picture18.png
[NFO] [2017-09-06 00:46:38] [7370] Accept = 
[NFO] [2017-09-06 00:46:38] [7370] */*
[ERR] [2017-09-06 00:46:40] [7372] fileNotFound
[NFO] [2017-09-06 00:46:40] [7372] file served
[NFO] [2017-09-06 00:46:40] [7372] Header HTTP OK
[NFO] [2017-09-06 00:46:40] [7372] HTTP/1.1 200 OK

[NFO] [2017-09-06 00:46:40] [7372] Request path: /thumbs/picture19.png
[NFO] [2017-09-06 00:46:40] [7372] Accept = 
[NFO] [2017-09-06 00:46:40] [7372] */*
[ERR] [2017-09-06 00:46:41] [7370] fileNotFound
[NFO] [2017-09-06 00:46:41] [7370] file served
[NFO] [2017-09-06 00:46:41] [7370] Header HTTP OK
[NFO] [2017-09-06 00:46:41] [7370] HTTP/1.1 200 OK

[NFO] [2017-09-06 00:46:41] [7370] Request path: /thumbs/picture20.png
[NFO] [2017-09-06 00:46:41] [7370] Accept = 
[NFO] [2017-09-06 00:46:41] [7370] */*
[ERR] [2017-09-06 00:47:17] [7368] fileNotFound
[ERR] [2017-09-06 00:47:17] [7366] fileNotFound
[ERR] [2017-09-06 00:47:17] [7371] fileNotFound
[NFO] [2017-09-06 00:47:17] [7366] file served
[NFO] [2017-09-06 00:47:17] [7371] file served
[ERR] [2017-09-06 00:47:17] [7367] fileNotFound
[NFO] [2017-09-06 00:47:17] [7368] file served
[NFO] [2017-09-06 00:47:17] [7367] file served
[NFO] [2017-09-06 00:47:18] [7366] Header HTTP OK
[NFO] [2017-09-06 00:47:18] [7366] HTTP/1.1 200 OK

[NFO] [2017-09-06 00:47:18] [7366] Request path: /thumbs/picture21.png
[NFO] [2017-09-06 00:47:18] [7366] Accept = 
[NFO] [2017-09-06 00:47:18] [7367] Header HTTP OK
[NFO] [2017-09-06 00:47:18] [7366] */*
[NFO] [2017-09-06 00:47:18] [7367] HTTP/1.1 200 OK

[NFO] [2017-09-06 00:47:18] [7368] Header HTTP OK
[NFO] [2017-09-06 00:47:18] [7367] Request path: /thumbs/picture22.png
[NFO] [2017-09-06 00:47:18] [7371] Header HTTP OK
[NFO] [2017-09-06 00:47:18] [7368] HTTP/1.1 200 OK

[NFO] [2017-09-06 00:47:18] [7371] HTTP/1.1 200 OK

[NFO] [2017-09-06 00:47:18] [7367] Accept = 
[NFO] [2017-09-06 00:47:18] [7368] Request path: /thumbs/picture23.png
[NFO] [2017-09-06 00:47:18] [7367] */*
[NFO] [2017-09-06 00:47:18] [7368] Accept = 
[NFO] [2017-09-06 00:47:18] [7368] */*
[NFO] [2017-09-06 00:47:18] [7371] Request path: /thumbs/picture24.png
[NFO] [2017-09-06 00:47:18] [7371] Accept = 
[NFO] [2017-09-06 00:47:18] [7371] */*
[ERR] [2017-09-06 00:47:21] [7370] fileNotFound
[NFO] [2017-09-06 00:47:21] [7370] file served
[ERR] [2017-09-06 00:47:21] [7366] fileNotFound
[NFO] [2017-09-06 00:47:21] [7366] file served
[NFO] [2017-09-06 00:47:21] [7366] Header HTTP OK
[NFO] [2017-09-06 00:47:21] [7366] HTTP/1.1 200 OK

[NFO] [2017-09-06 00:47:21] [7366] Request path: /thumbs/picture26.png
[NFO] [2017-09-06 00:47:21] [7366] Accept = 
[NFO] [2017-09-06 00:47:21] [7366] */*
[NFO] [2017-09-06 00:47:21] [7370] Header HTTP OK
[NFO] [2017-09-06 00:47:21] [7370] HTTP/1.1 200 OK

[NFO] [2017-09-06 00:47:21] [7370] Request path: /thumbs/picture25.png
[NFO] [2017-09-06 00:47:21] [7370] Accept = 
[NFO] [2017-09-06 00:47:21] [7370] */*
[ERR] [2017-09-06 00:47:21] [7367] fileNotFound
[NFO] [2017-09-06 00:47:21] [7367] file served
[ERR] [2017-09-06 00:47:21] [7368] fileNotFound
[NFO] [2017-09-06 00:47:21] [7368] file served
[NFO] [2017-09-06 00:47:21] [7368] Header HTTP OK
[NFO] [2017-09-06 00:47:21] [7368] HTTP/1.1 200 OK

[NFO] [2017-09-06 00:47:21] [7368] Request path: /favicon.ico
[NFO] [2017-09-06 00:47:21] [7368] Accept = 
[NFO] [2017-09-06 00:47:21] [7368] text/html,application/xhtml+xml,application/xml;q=0.9,*/*;q=0.8
[ERR] [2017-09-06 00:47:21] [7368] fileNotFound
[NFO] [2017-09-06 00:47:21] [7367] Header HTTP OK
[NFO] [2017-09-06 00:47:21] [7367] HTTP/1.1 200 OK

[NFO] [2017-09-06 00:47:21] [7367] Request path: /thumbs/picture27.png
[NFO] [2017-09-06 00:47:21] [7367] Accept = 
[NFO] [2017-09-06 00:47:21] [7367] */*
[NFO] [2017-09-06 00:47:22] [7368] file served
[ERR] [2017-09-06 00:47:22] [7372] fileNotFound
[NFO] [2017-09-06 00:47:22] [7372] file served
[ERR] [2017-09-06 00:47:22] [7371] fileNotFound
[NFO] [2017-09-06 00:47:22] [7371] file served
[ERR] [2017-09-06 00:47:22] [7370] fileNotFound
[NFO] [2017-09-06 00:47:22] [7370] file served
[ERR] [2017-09-06 00:47:22] [7366] fileNotFound
[NFO] [2017-09-06 00:47:22] [7366] file served
[ERR] [2017-09-06 00:47:22] [7367] fileNotFound
[NFO] [2017-09-06 00:47:22] [7367] file served
[NFO] [2017-09-06 00:47:24] [7368] closing connection...
[NFO] [2017-09-06 00:47:24] [7368] ...connection closed.
[NFO] [2017-09-06 00:47:24] [7372] closing connection...
[NFO] [2017-09-06 00:47:24] [7372] ...connection closed.
[NFO] [2017-09-06 00:47:24] [7371] closing connection...
[NFO] [2017-09-06 00:47:24] [7371] ...connection closed.
[NFO] [2017-09-06 00:47:24] [7360] 
user time = 25.703, sys time = 2.763

[NFO] [2017-09-06 00:47:24] [7370] closing connection...
[NFO] [2017-09-06 00:47:24] [7370] ...connection closed.
[NFO] [2017-09-06 00:47:24] [7366] closing connection...
[NFO] [2017-09-06 00:47:24] [7366] ...connection closed.
[NFO] [2017-09-06 00:47:24] [7367] closing connection...
[NFO] [2017-09-06 00:47:24] [7367] ...connection closed.
[NFO] [2017-09-06 00:48:23] [7630] Cache folder created
[NFO] [2017-09-06 00:48:23] [7630] Cache manager initialized correctly
[NFO] [2017-09-06 00:48:23] [7630] Server port: 9992, Number of threads: 10, backlog: 10, LOG_LEVEL: 7

[NFO] [2017-09-06 00:48:30] [7630] SO_KEEPALIVE set

[NFO] [2017-09-06 00:48:30] [7636] Thread created [1368204327]
[NFO] [2017-09-06 00:48:30] [7639] Thread created [1368105975]
[NFO] [2017-09-06 00:48:30] [7640] Thread created [1368073191]
[NFO] [2017-09-06 00:48:30] [7643] Thread created [1367974839]
[NFO] [2017-09-06 00:48:30] [7642] Thread created [1368007623]
[NFO] [2017-09-06 00:48:30] [7641] Thread created [1368040407]
[NFO] [2017-09-06 00:48:30] [7637] Thread created [1368171543]
[NFO] [2017-09-06 00:48:30] [7645] Thread created [1367909271]
[NFO] [2017-09-06 00:48:30] [7638] Thread created [1368138759]
[NFO] [2017-09-06 00:48:30] [7644] Thread created [1367942055]
[NFO] [2017-09-06 00:48:53] [7639] ...begin client service...
[NFO] [2017-09-06 00:48:54] [7639] Header HTTP OK
[NFO] [2017-09-06 00:48:54] [7639] HTTP/1.1 200 OK

[NFO] [2017-09-06 00:48:54] [7639] Request path: /
[NFO] [2017-09-06 00:48:54] [7639] Accept = 
[NFO] [2017-09-06 00:48:54] [7639] text/html,application/xhtml+xml,application/xml;q=0.9,*/*;q=0.8
[ERR] [2017-09-06 00:48:54] [7639] fileNotFound
[NFO] [2017-09-06 00:48:54] [7639] file served
[NFO] [2017-09-06 00:48:56] [7639] closing connection...
[NFO] [2017-09-06 00:48:56] [7639] ...connection closed.
[NFO] [2017-09-06 00:48:58] [7636] ...begin client service...
[NFO] [2017-09-06 00:48:58] [7636] Header HTTP OK
[NFO] [2017-09-06 00:48:58] [7636] HTTP/1.1 200 OK

[NFO] [2017-09-06 00:48:58] [7636] Request path: /thumbs/picture7.png
[NFO] [2017-09-06 00:48:58] [7636] Accept = 
[NFO] [2017-09-06 00:48:58] [7636] */*
[NFO] [2017-09-06 00:48:58] [7640] ...begin client service...
[NFO] [2017-09-06 00:48:58] [7643] ...begin client service...
[NFO] [2017-09-06 00:48:58] [7642] ...begin client service...
[NFO] [2017-09-06 00:48:58] [7643] Header HTTP OK
[NFO] [2017-09-06 00:48:58] [7643] HTTP/1.1 200 OK

[NFO] [2017-09-06 00:48:58] [7643] Request path: /thumbs/picture13.png
[NFO] [2017-09-06 00:48:58] [7643] Accept = 
[NFO] [2017-09-06 00:48:58] [7643] */*
[NFO] [2017-09-06 00:48:58] [7642] Header HTTP OK
[NFO] [2017-09-06 00:48:58] [7640] Header HTTP OK
[NFO] [2017-09-06 00:48:58] [7640] HTTP/1.1 200 OK

[NFO] [2017-09-06 00:48:58] [7640] Request path: /thumbs/picture14.png
[NFO] [2017-09-06 00:48:58] [7640] Accept = 
[NFO] [2017-09-06 00:48:58] [7640] */*
[NFO] [2017-09-06 00:48:58] [7642] HTTP/1.1 200 OK

[NFO] [2017-09-06 00:48:58] [7637] ...begin client service...
[NFO] [2017-09-06 00:48:58] [7641] ...begin client service...
[NFO] [2017-09-06 00:48:58] [7642] Request path: /thumbs/picture12.png
[NFO] [2017-09-06 00:48:58] [7642] Accept = 
[NFO] [2017-09-06 00:48:58] [7642] */*
[NFO] [2017-09-06 00:48:58] [7637] Header HTTP OK
[NFO] [2017-09-06 00:48:58] [7637] HTTP/1.1 200 OK

[NFO] [2017-09-06 00:48:58] [7641] Header HTTP OK
[NFO] [2017-09-06 00:48:58] [7641] HTTP/1.1 200 OK

[NFO] [2017-09-06 00:48:58] [7637] Request path: /thumbs/picture11.png
[NFO] [2017-09-06 00:48:58] [7637] Accept = 
[NFO] [2017-09-06 00:48:58] [7637] */*
[NFO] [2017-09-06 00:48:58] [7641] Request path: /thumbs/picture10.png
[NFO] [2017-09-06 00:48:58] [7641] Accept = 
[NFO] [2017-09-06 00:48:58] [7641] */*
[ERR] [2017-09-06 00:48:59] [7636] fileNotFound
[NFO] [2017-09-06 00:48:59] [7636] file served
[ERR] [2017-09-06 00:48:59] [7641] fileNotFound
[NFO] [2017-09-06 00:48:59] [7641] file served
[ERR] [2017-09-06 00:49:00] [7637] fileNotFound
[NFO] [2017-09-06 00:49:00] [7637] file served
[ERR] [2017-09-06 00:49:00] [7642] fileNotFound
[NFO] [2017-09-06 00:49:00] [7642] file served
[NFO] [2017-09-06 00:49:00] [7636] Header HTTP OK
[NFO] [2017-09-06 00:49:00] [7636] HTTP/1.1 200 OK

[NFO] [2017-09-06 00:49:00] [7636] Request path: /thumbs/picture15.png
[NFO] [2017-09-06 00:49:00] [7636] Accept = 
[NFO] [2017-09-06 00:49:00] [7636] */*
[NFO] [2017-09-06 00:49:00] [7637] Header HTTP OK
[NFO] [2017-09-06 00:49:00] [7641] Header HTTP OK
[NFO] [2017-09-06 00:49:00] [7641] HTTP/1.1 200 OK

[NFO] [2017-09-06 00:49:00] [7641] Request path: /thumbs/picture16.png
[NFO] [2017-09-06 00:49:00] [7641] Accept = 
[NFO] [2017-09-06 00:49:00] [7641] */*
[NFO] [2017-09-06 00:49:00] [7637] HTTP/1.1 200 OK

[NFO] [2017-09-06 00:49:00] [7642] Header HTTP OK
[NFO] [2017-09-06 00:49:00] [7642] HTTP/1.1 200 OK

[NFO] [2017-09-06 00:49:00] [7642] Request path: /thumbs/picture18.png
[NFO] [2017-09-06 00:49:00] [7642] Accept = 
[NFO] [2017-09-06 00:49:00] [7642] */*
[NFO] [2017-09-06 00:49:00] [7637] Request path: /thumbs/picture17.png
[NFO] [2017-09-06 00:49:00] [7637] Accept = 
[NFO] [2017-09-06 00:49:00] [7637] */*
[ERR] [2017-09-06 00:49:02] [7636] fileNotFound
[NFO] [2017-09-06 00:49:02] [7636] file served
[NFO] [2017-09-06 00:49:03] [7636] Header HTTP OK
[NFO] [2017-09-06 00:49:03] [7636] HTTP/1.1 200 OK

[NFO] [2017-09-06 00:49:03] [7636] Request path: /thumbs/picture19.png
[NFO] [2017-09-06 00:49:03] [7636] Accept = 
[NFO] [2017-09-06 00:49:03] [7636] */*
[ERR] [2017-09-06 00:49:04] [7636] fileNotFound
[NFO] [2017-09-06 00:49:04] [7636] file served
[ERR] [2017-09-06 00:49:05] [7642] fileNotFound
[NFO] [2017-09-06 00:49:05] [7642] file served
[ERR] [2017-09-06 00:49:05] [7640] fileNotFound
[NFO] [2017-09-06 00:49:05] [7640] file served
[NFO] [2017-09-06 00:49:05] [7642] Header HTTP OK
[NFO] [2017-09-06 00:49:05] [7642] HTTP/1.1 200 OK

[NFO] [2017-09-06 00:49:05] [7636] Header HTTP OK
[NFO] [2017-09-06 00:49:05] [7636] HTTP/1.1 200 OK

[NFO] [2017-09-06 00:49:05] [7642] Request path: /thumbs/picture21.png
[NFO] [2017-09-06 00:49:05] [7642] Accept = 
[NFO] [2017-09-06 00:49:05] [7642] */*
[NFO] [2017-09-06 00:49:05] [7640] Header HTTP OK
[NFO] [2017-09-06 00:49:05] [7640] HTTP/1.1 200 OK

[NFO] [2017-09-06 00:49:05] [7636] Request path: /thumbs/picture20.png
[NFO] [2017-09-06 00:49:05] [7636] Accept = 
[NFO] [2017-09-06 00:49:05] [7636] */*
[NFO] [2017-09-06 00:49:05] [7640] Request path: /thumbs/picture22.png
[NFO] [2017-09-06 00:49:05] [7640] Accept = 
[NFO] [2017-09-06 00:49:05] [7640] */*
[ERR] [2017-09-06 00:49:05] [7637] fileNotFound
[NFO] [2017-09-06 00:49:05] [7637] file served
[NFO] [2017-09-06 00:49:05] [7637] Header HTTP OK
[NFO] [2017-09-06 00:49:05] [7637] HTTP/1.1 200 OK

[NFO] [2017-09-06 00:49:05] [7637] Request path: /thumbs/picture23.png
[NFO] [2017-09-06 00:49:05] [7637] Accept = 
[NFO] [2017-09-06 00:49:05] [7637] */*
[ERR] [2017-09-06 00:49:07] [7643] fileNotFound
[NFO] [2017-09-06 00:49:07] [7643] file served
[NFO] [2017-09-06 00:49:07] [7643] Header HTTP OK
[NFO] [2017-09-06 00:49:07] [7643] HTTP/1.1 200 OK

[NFO] [2017-09-06 00:49:07] [7643] Request path: /thumbs/picture24.png
[NFO] [2017-09-06 00:49:07] [7643] Accept = 
[NFO] [2017-09-06 00:49:07] [7643] */*
[ERR] [2017-09-06 00:49:07] [7641] fileNotFound
[NFO] [2017-09-06 00:49:07] [7641] file served
[NFO] [2017-09-06 00:49:07] [7641] Header HTTP OK
[NFO] [2017-09-06 00:49:07] [7641] HTTP/1.1 200 OK

[NFO] [2017-09-06 00:49:07] [7641] Request path: /thumbs/picture25.png
[NFO] [2017-09-06 00:49:07] [7641] Accept = 
[NFO] [2017-09-06 00:49:07] [7641] */*
[ERR] [2017-09-06 00:49:07] [7640] fileNotFound
[NFO] [2017-09-06 00:49:07] [7640] file served
[ERR] [2017-09-06 00:49:07] [7642] fileNotFound
[NFO] [2017-09-06 00:49:07] [7642] file served
[ERR] [2017-09-06 00:49:07] [7636] fileNotFound
[NFO] [2017-09-06 00:49:07] [7636] file served
[ERR] [2017-09-06 00:49:07] [7637] fileNotFound
[NFO] [2017-09-06 00:49:07] [7637] file served
[NFO] [2017-09-06 00:49:08] [7636] Header HTTP OK
[NFO] [2017-09-06 00:49:08] [7636] HTTP/1.1 200 OK

[NFO] [2017-09-06 00:49:08] [7640] Header HTTP OK
[NFO] [2017-09-06 00:49:08] [7640] HTTP/1.1 200 OK

[NFO] [2017-09-06 00:49:08] [7640] Request path: /thumbs/picture26.png
[NFO] [2017-09-06 00:49:08] [7640] Accept = 
[NFO] [2017-09-06 00:49:08] [7640] */*
[NFO] [2017-09-06 00:49:08] [7642] Header HTTP OK
[NFO] [2017-09-06 00:49:08] [7642] HTTP/1.1 200 OK

[NFO] [2017-09-06 00:49:08] [7637] Header HTTP OK
[NFO] [2017-09-06 00:49:08] [7637] HTTP/1.1 200 OK

[NFO] [2017-09-06 00:49:08] [7642] Request path: /thumbs/picture1.png
[NFO] [2017-09-06 00:49:08] [7642] Accept = 
[NFO] [2017-09-06 00:49:08] [7642] */*
[NFO] [2017-09-06 00:49:08] [7637] Request path: /bgr.gif
[NFO] [2017-09-06 00:49:08] [7637] Accept = 
[NFO] [2017-09-06 00:49:08] [7637] */*
[NFO] [2017-09-06 00:49:08] [7636] Request path: /thumbs/picture27.png
[ERR] [2017-09-06 00:49:08] [7637] fileNotFound
[NFO] [2017-09-06 00:49:08] [7636] Accept = 
[NFO] [2017-09-06 00:49:08] [7636] */*
[NFO] [2017-09-06 00:49:08] [7637] file served
[NFO] [2017-09-06 00:49:08] [7637] Header HTTP OK
[NFO] [2017-09-06 00:49:08] [7637] HTTP/1.1 200 OK

[NFO] [2017-09-06 00:49:08] [7637] Request path: /thumbs/picture2.png
[NFO] [2017-09-06 00:49:08] [7637] Accept = 
[NFO] [2017-09-06 00:49:08] [7637] */*
[ERR] [2017-09-06 00:49:08] [7641] fileNotFound
[NFO] [2017-09-06 00:49:08] [7641] file served
[NFO] [2017-09-06 00:49:08] [7641] Header HTTP OK
[NFO] [2017-09-06 00:49:08] [7641] HTTP/1.1 200 OK

[NFO] [2017-09-06 00:49:08] [7641] Request path: /thumbs/picture3.png
[NFO] [2017-09-06 00:49:08] [7641] Accept = 
[NFO] [2017-09-06 00:49:08] [7641] */*
[ERR] [2017-09-06 00:49:08] [7643] fileNotFound
[NFO] [2017-09-06 00:49:08] [7643] file served
[NFO] [2017-09-06 00:49:08] [7643] Header HTTP OK
[NFO] [2017-09-06 00:49:08] [7643] HTTP/1.1 200 OK

[NFO] [2017-09-06 00:49:08] [7643] Request path: /thumbs/picture4.png
[NFO] [2017-09-06 00:49:08] [7643] Accept = 
[NFO] [2017-09-06 00:49:08] [7643] */*
[ERR] [2017-09-06 00:49:08] [7640] fileNotFound
[NFO] [2017-09-06 00:49:08] [7640] file served
[NFO] [2017-09-06 00:49:08] [7640] Header HTTP OK
[NFO] [2017-09-06 00:49:08] [7640] HTTP/1.1 200 OK

[NFO] [2017-09-06 00:49:08] [7640] Request path: /thumbs/picture5.png
[NFO] [2017-09-06 00:49:08] [7640] Accept = 
[NFO] [2017-09-06 00:49:08] [7640] */*
[ERR] [2017-09-06 00:49:08] [7641] fileNotFound
[NFO] [2017-09-06 00:49:08] [7641] file served
[NFO] [2017-09-06 00:49:08] [7641] Header HTTP OK
[NFO] [2017-09-06 00:49:08] [7641] HTTP/1.1 200 OK

[NFO] [2017-09-06 00:49:08] [7641] Request path: /thumbs/picture6.png
[NFO] [2017-09-06 00:49:08] [7641] Accept = 
[NFO] [2017-09-06 00:49:08] [7641] */*
[ERR] [2017-09-06 00:49:08] [7636] fileNotFound
[NFO] [2017-09-06 00:49:08] [7636] file served
[NFO] [2017-09-06 00:49:08] [7636] Header HTTP OK
[NFO] [2017-09-06 00:49:08] [7636] HTTP/1.1 200 OK

[NFO] [2017-09-06 00:49:08] [7636] Request path: /thumbs/picture8.png
[NFO] [2017-09-06 00:49:08] [7636] Accept = 
[NFO] [2017-09-06 00:49:08] [7636] */*
[ERR] [2017-09-06 00:49:09] [7637] fileNotFound
[NFO] [2017-09-06 00:49:09] [7637] file served
[NFO] [2017-09-06 00:49:09] [7637] Header HTTP OK
[NFO] [2017-09-06 00:49:09] [7637] HTTP/1.1 200 OK

[NFO] [2017-09-06 00:49:09] [7637] Request path: /thumbs/picture9.png
[NFO] [2017-09-06 00:49:09] [7637] Accept = 
[NFO] [2017-09-06 00:49:09] [7637] */*
[ERR] [2017-09-06 00:49:09] [7642] fileNotFound
[NFO] [2017-09-06 00:49:09] [7642] file served
[NFO] [2017-09-06 00:49:09] [7642] Header HTTP OK
[NFO] [2017-09-06 00:49:09] [7642] HTTP/1.1 200 OK

[NFO] [2017-09-06 00:49:09] [7642] Request path: /favicon.ico
[NFO] [2017-09-06 00:49:09] [7642] Accept = 
[NFO] [2017-09-06 00:49:09] [7642] text/html,application/xhtml+xml,application/xml;q=0.9,*/*;q=0.8
[ERR] [2017-09-06 00:49:09] [7642] fileNotFound
[NFO] [2017-09-06 00:49:09] [7642] file served
[ERR] [2017-09-06 00:49:09] [7643] fileNotFound
[NFO] [2017-09-06 00:49:09] [7643] file served
[ERR] [2017-09-06 00:49:09] [7636] fileNotFound
[NFO] [2017-09-06 00:49:09] [7636] file served
[ERR] [2017-09-06 00:49:09] [7641] fileNotFound
[NFO] [2017-09-06 00:49:09] [7641] file served
[ERR] [2017-09-06 00:49:09] [7637] fileNotFound
[NFO] [2017-09-06 00:49:09] [7637] file served
[ERR] [2017-09-06 00:49:10] [7640] fileNotFound
[NFO] [2017-09-06 00:49:10] [7640] file served
[NFO] [2017-09-06 00:49:11] [7642] closing connection...
[NFO] [2017-09-06 00:49:11] [7642] ...connection closed.
[NFO] [2017-09-06 00:49:11] [7643] closing connection...
[NFO] [2017-09-06 00:49:11] [7643] ...connection closed.
[NFO] [2017-09-06 00:49:11] [7636] closing connection...
[NFO] [2017-09-06 00:49:11] [7636] ...connection closed.
[NFO] [2017-09-06 00:49:11] [7641] closing connection...
[NFO] [2017-09-06 00:49:11] [7641] ...connection closed.
[NFO] [2017-09-06 00:49:11] [7637] closing connection...
[NFO] [2017-09-06 00:49:11] [7637] ...connection closed.
[NFO] [2017-09-06 00:49:12] [7640] closing connection...
[NFO] [2017-09-06 00:49:12] [7640] ...connection closed.
[NFO] [2017-09-06 00:49:15] [7645] ...begin client service...
[NFO] [2017-09-06 00:49:17] [7645] closing connection...
[NFO] [2017-09-06 00:49:17] [7645] ...connection closed.
[NFO] [2017-09-06 00:49:30] [7644] ...begin client service...
[NFO] [2017-09-06 00:49:31] [7644] Header HTTP OK
[NFO] [2017-09-06 00:49:31] [7644] HTTP/1.1 200 OK

[NFO] [2017-09-06 00:49:31] [7644] Request path: /
[NFO] [2017-09-06 00:49:31] [7644] Accept = 
[NFO] [2017-09-06 00:49:31] [7644] text/html,application/xhtml+xml,application/xml;q=0.9,*/*;q=0.8
[ERR] [2017-09-06 00:49:31] [7644] fileNotFound
[NFO] [2017-09-06 00:49:31] [7644] file served
[NFO] [2017-09-06 00:49:32] [7644] Header HTTP OK
[NFO] [2017-09-06 00:49:32] [7644] HTTP/1.1 200 OK

[NFO] [2017-09-06 00:49:32] [7644] Request path: /bgr.gif
[NFO] [2017-09-06 00:49:32] [7644] Accept = 
[NFO] [2017-09-06 00:49:32] [7644] */*
[ERR] [2017-09-06 00:49:32] [7644] fileNotFound
[NFO] [2017-09-06 00:49:32] [7644] file served
[NFO] [2017-09-06 00:49:32] [7644] Header HTTP OK
[NFO] [2017-09-06 00:49:32] [7644] HTTP/1.1 200 OK

[NFO] [2017-09-06 00:49:32] [7638] ...begin client service...
[NFO] [2017-09-06 00:49:32] [7644] Request path: /thumbs/picture1.png
[NFO] [2017-09-06 00:49:32] [7644] Accept = 
[NFO] [2017-09-06 00:49:32] [7644] */*
[ERR] [2017-09-06 00:49:32] [7644] fileNotFound
[NFO] [2017-09-06 00:49:32] [7644] file served
[NFO] [2017-09-06 00:49:32] [7639] ...begin client service...
[NFO] [2017-09-06 00:49:32] [7638] Header HTTP OK
[NFO] [2017-09-06 00:49:32] [7638] HTTP/1.1 200 OK

[NFO] [2017-09-06 00:49:32] [7638] Request path: /thumbs/picture2.png
[NFO] [2017-09-06 00:49:32] [7638] Accept = 
[NFO] [2017-09-06 00:49:32] [7638] */*
[ERR] [2017-09-06 00:49:32] [7638] fileNotFound
[NFO] [2017-09-06 00:49:32] [7642] ...begin client service...
[NFO] [2017-09-06 00:49:32] [7638] file served
[NFO] [2017-09-06 00:49:32] [7639] Header HTTP OK
[NFO] [2017-09-06 00:49:32] [7639] HTTP/1.1 200 OK

[NFO] [2017-09-06 00:49:32] [7639] Request path: /thumbs/picture3.png
[NFO] [2017-09-06 00:49:32] [7639] Accept = 
[NFO] [2017-09-06 00:49:32] [7639] */*
[ERR] [2017-09-06 00:49:32] [7639] fileNotFound
[NFO] [2017-09-06 00:49:32] [7639] file served
[NFO] [2017-09-06 00:49:32] [7638] Header HTTP OK
[NFO] [2017-09-06 00:49:32] [7638] HTTP/1.1 200 OK

[NFO] [2017-09-06 00:49:32] [7638] Request path: /thumbs/picture4.png
[NFO] [2017-09-06 00:49:32] [7638] Accept = 
[NFO] [2017-09-06 00:49:32] [7638] */*
[ERR] [2017-09-06 00:49:32] [7638] fileNotFound
[NFO] [2017-09-06 00:49:32] [7638] file served
[NFO] [2017-09-06 00:49:32] [7642] Header HTTP OK
[NFO] [2017-09-06 00:49:32] [7642] HTTP/1.1 200 OK

[NFO] [2017-09-06 00:49:32] [7642] Request path: /thumbs/picture5.png
[NFO] [2017-09-06 00:49:32] [7642] Accept = 
[NFO] [2017-09-06 00:49:32] [7642] */*
[ERR] [2017-09-06 00:49:32] [7642] fileNotFound
[NFO] [2017-09-06 00:49:32] [7642] file served
[NFO] [2017-09-06 00:49:32] [7643] ...begin client service...
[NFO] [2017-09-06 00:49:32] [7636] ...begin client service...
[NFO] [2017-09-06 00:49:32] [7639] Header HTTP OK
[NFO] [2017-09-06 00:49:32] [7639] HTTP/1.1 200 OK

[NFO] [2017-09-06 00:49:32] [7639] Request path: /thumbs/picture6.png
[NFO] [2017-09-06 00:49:32] [7639] Accept = 
[NFO] [2017-09-06 00:49:32] [7639] */*
[ERR] [2017-09-06 00:49:32] [7639] fileNotFound
[NFO] [2017-09-06 00:49:32] [7639] file served
[NFO] [2017-09-06 00:49:32] [7642] Header HTTP OK
[NFO] [2017-09-06 00:49:32] [7642] HTTP/1.1 200 OK

[NFO] [2017-09-06 00:49:32] [7642] Request path: /thumbs/picture7.png
[NFO] [2017-09-06 00:49:32] [7642] Accept = 
[NFO] [2017-09-06 00:49:32] [7642] */*
[ERR] [2017-09-06 00:49:32] [7642] fileNotFound
[NFO] [2017-09-06 00:49:32] [7642] file served
[NFO] [2017-09-06 00:49:32] [7636] Header HTTP OK
[NFO] [2017-09-06 00:49:32] [7636] HTTP/1.1 200 OK

[NFO] [2017-09-06 00:49:32] [7636] Request path: /thumbs/picture8.png
[NFO] [2017-09-06 00:49:32] [7636] Accept = 
[NFO] [2017-09-06 00:49:32] [7636] */*
[ERR] [2017-09-06 00:49:32] [7636] fileNotFound
[NFO] [2017-09-06 00:49:32] [7636] file served
[NFO] [2017-09-06 00:49:32] [7643] Header HTTP OK
[NFO] [2017-09-06 00:49:32] [7643] HTTP/1.1 200 OK

[NFO] [2017-09-06 00:49:32] [7643] Request path: /thumbs/picture9.png
[NFO] [2017-09-06 00:49:32] [7643] Accept = 
[NFO] [2017-09-06 00:49:32] [7643] */*
[ERR] [2017-09-06 00:49:32] [7643] fileNotFound
[NFO] [2017-09-06 00:49:32] [7643] file served
[NFO] [2017-09-06 00:49:32] [7636] Header HTTP OK
[NFO] [2017-09-06 00:49:32] [7636] HTTP/1.1 200 OK

[NFO] [2017-09-06 00:49:32] [7636] Request path: /thumbs/picture10.png
[NFO] [2017-09-06 00:49:32] [7636] Accept = 
[NFO] [2017-09-06 00:49:32] [7636] */*
[ERR] [2017-09-06 00:49:32] [7636] fileNotFound
[NFO] [2017-09-06 00:49:32] [7636] file served
[NFO] [2017-09-06 00:49:32] [7643] Header HTTP OK
[NFO] [2017-09-06 00:49:32] [7643] HTTP/1.1 200 OK

[NFO] [2017-09-06 00:49:32] [7643] Request path: /thumbs/picture11.png
[NFO] [2017-09-06 00:49:32] [7643] Accept = 
[NFO] [2017-09-06 00:49:32] [7643] */*
[ERR] [2017-09-06 00:49:32] [7643] fileNotFound
[NFO] [2017-09-06 00:49:32] [7643] file served
[NFO] [2017-09-06 00:49:32] [7644] Header HTTP OK
[NFO] [2017-09-06 00:49:32] [7644] HTTP/1.1 200 OK

[NFO] [2017-09-06 00:49:32] [7644] Request path: /thumbs/picture12.png
[NFO] [2017-09-06 00:49:32] [7644] Accept = 
[NFO] [2017-09-06 00:49:32] [7644] */*
[ERR] [2017-09-06 00:49:32] [7644] fileNotFound
[NFO] [2017-09-06 00:49:32] [7644] file served
[NFO] [2017-09-06 00:49:32] [7638] Header HTTP OK
[NFO] [2017-09-06 00:49:32] [7638] HTTP/1.1 200 OK

[NFO] [2017-09-06 00:49:32] [7638] Request path: /thumbs/picture13.png
[NFO] [2017-09-06 00:49:32] [7638] Accept = 
[NFO] [2017-09-06 00:49:32] [7638] */*
[ERR] [2017-09-06 00:49:32] [7638] fileNotFound
[NFO] [2017-09-06 00:49:32] [7638] file served
[NFO] [2017-09-06 00:49:32] [7639] Header HTTP OK
[NFO] [2017-09-06 00:49:32] [7639] HTTP/1.1 200 OK

[NFO] [2017-09-06 00:49:32] [7639] Request path: /thumbs/picture14.png
[NFO] [2017-09-06 00:49:32] [7639] Accept = 
[NFO] [2017-09-06 00:49:32] [7639] */*
[ERR] [2017-09-06 00:49:32] [7639] fileNotFound
[NFO] [2017-09-06 00:49:32] [7639] file served
[NFO] [2017-09-06 00:49:32] [7642] Header HTTP OK
[NFO] [2017-09-06 00:49:32] [7642] HTTP/1.1 200 OK

[NFO] [2017-09-06 00:49:32] [7642] Request path: /thumbs/picture15.png
[NFO] [2017-09-06 00:49:32] [7642] Accept = 
[NFO] [2017-09-06 00:49:32] [7642] */*
[ERR] [2017-09-06 00:49:32] [7642] fileNotFound
[NFO] [2017-09-06 00:49:32] [7642] file served
[NFO] [2017-09-06 00:49:32] [7636] Header HTTP OK
[NFO] [2017-09-06 00:49:32] [7636] HTTP/1.1 200 OK

[NFO] [2017-09-06 00:49:32] [7636] Request path: /thumbs/picture16.png
[NFO] [2017-09-06 00:49:32] [7636] Accept = 
[NFO] [2017-09-06 00:49:32] [7636] */*
[ERR] [2017-09-06 00:49:32] [7636] fileNotFound
[NFO] [2017-09-06 00:49:32] [7636] file served
[NFO] [2017-09-06 00:49:32] [7643] Header HTTP OK
[NFO] [2017-09-06 00:49:32] [7643] HTTP/1.1 200 OK

[NFO] [2017-09-06 00:49:32] [7643] Request path: /thumbs/picture17.png
[NFO] [2017-09-06 00:49:32] [7643] Accept = 
[NFO] [2017-09-06 00:49:32] [7643] */*
[ERR] [2017-09-06 00:49:32] [7643] fileNotFound
[NFO] [2017-09-06 00:49:32] [7643] file served
[NFO] [2017-09-06 00:49:32] [7644] Header HTTP OK
[NFO] [2017-09-06 00:49:32] [7644] HTTP/1.1 200 OK

[NFO] [2017-09-06 00:49:32] [7644] Request path: /thumbs/picture18.png
[NFO] [2017-09-06 00:49:32] [7644] Accept = 
[NFO] [2017-09-06 00:49:32] [7644] */*
[ERR] [2017-09-06 00:49:32] [7644] fileNotFound
[NFO] [2017-09-06 00:49:32] [7644] file served
[NFO] [2017-09-06 00:49:32] [7638] Header HTTP OK
[NFO] [2017-09-06 00:49:32] [7638] HTTP/1.1 200 OK

[NFO] [2017-09-06 00:49:32] [7638] Request path: /thumbs/picture19.png
[NFO] [2017-09-06 00:49:32] [7638] Accept = 
[NFO] [2017-09-06 00:49:32] [7638] */*
[ERR] [2017-09-06 00:49:32] [7638] fileNotFound
[NFO] [2017-09-06 00:49:32] [7638] file served
[NFO] [2017-09-06 00:49:32] [7639] Header HTTP OK
[NFO] [2017-09-06 00:49:32] [7639] HTTP/1.1 200 OK

[NFO] [2017-09-06 00:49:32] [7639] Request path: /thumbs/picture20.png
[NFO] [2017-09-06 00:49:32] [7639] Accept = 
[NFO] [2017-09-06 00:49:32] [7639] */*
[ERR] [2017-09-06 00:49:32] [7639] fileNotFound
[NFO] [2017-09-06 00:49:32] [7639] file served
[NFO] [2017-09-06 00:49:32] [7642] Header HTTP OK
[NFO] [2017-09-06 00:49:32] [7642] HTTP/1.1 200 OK

[NFO] [2017-09-06 00:49:32] [7642] Request path: /thumbs/picture21.png
[NFO] [2017-09-06 00:49:32] [7642] Accept = 
[NFO] [2017-09-06 00:49:32] [7642] */*
[ERR] [2017-09-06 00:49:32] [7642] fileNotFound
[NFO] [2017-09-06 00:49:32] [7642] file served
[NFO] [2017-09-06 00:49:32] [7636] Header HTTP OK
[NFO] [2017-09-06 00:49:32] [7636] HTTP/1.1 200 OK

[NFO] [2017-09-06 00:49:32] [7643] Header HTTP OK
[NFO] [2017-09-06 00:49:32] [7636] Request path: /thumbs/picture22.png
[NFO] [2017-09-06 00:49:32] [7643] HTTP/1.1 200 OK

[NFO] [2017-09-06 00:49:32] [7636] Accept = 
[NFO] [2017-09-06 00:49:32] [7636] */*
[NFO] [2017-09-06 00:49:32] [7643] Request path: /thumbs/picture23.png
[NFO] [2017-09-06 00:49:32] [7643] Accept = 
[NFO] [2017-09-06 00:49:32] [7643] */*
[ERR] [2017-09-06 00:49:32] [7636] fileNotFound
[ERR] [2017-09-06 00:49:32] [7643] fileNotFound
[NFO] [2017-09-06 00:49:32] [7636] file served
[NFO] [2017-09-06 00:49:32] [7643] file served
[NFO] [2017-09-06 00:49:32] [7644] Header HTTP OK
[NFO] [2017-09-06 00:49:32] [7644] HTTP/1.1 200 OK

[NFO] [2017-09-06 00:49:32] [7644] Request path: /thumbs/picture24.png
[NFO] [2017-09-06 00:49:32] [7644] Accept = 
[NFO] [2017-09-06 00:49:32] [7644] */*
[ERR] [2017-09-06 00:49:32] [7644] fileNotFound
[NFO] [2017-09-06 00:49:32] [7644] file served
[NFO] [2017-09-06 00:49:32] [7638] Header HTTP OK
[NFO] [2017-09-06 00:49:32] [7638] HTTP/1.1 200 OK

[NFO] [2017-09-06 00:49:32] [7638] Request path: /thumbs/picture25.png
[NFO] [2017-09-06 00:49:32] [7638] Accept = 
[NFO] [2017-09-06 00:49:32] [7638] */*
[ERR] [2017-09-06 00:49:32] [7638] fileNotFound
[NFO] [2017-09-06 00:49:32] [7638] file served
[NFO] [2017-09-06 00:49:32] [7639] Header HTTP OK
[NFO] [2017-09-06 00:49:32] [7639] HTTP/1.1 200 OK

[NFO] [2017-09-06 00:49:32] [7639] Request path: /thumbs/picture26.png
[NFO] [2017-09-06 00:49:32] [7639] Accept = 
[NFO] [2017-09-06 00:49:32] [7639] */*
[ERR] [2017-09-06 00:49:32] [7639] fileNotFound
[NFO] [2017-09-06 00:49:32] [7639] file served
[NFO] [2017-09-06 00:49:32] [7642] Header HTTP OK
[NFO] [2017-09-06 00:49:32] [7642] HTTP/1.1 200 OK

[NFO] [2017-09-06 00:49:32] [7642] Request path: /thumbs/picture27.png
[NFO] [2017-09-06 00:49:32] [7642] Accept = 
[NFO] [2017-09-06 00:49:32] [7642] */*
[ERR] [2017-09-06 00:49:32] [7642] fileNotFound
[NFO] [2017-09-06 00:49:32] [7642] file served
[NFO] [2017-09-06 00:49:32] [7642] Header HTTP OK
[NFO] [2017-09-06 00:49:32] [7642] HTTP/1.1 200 OK

[NFO] [2017-09-06 00:49:32] [7642] Request path: /favicon.ico
[NFO] [2017-09-06 00:49:32] [7642] Accept = 
[NFO] [2017-09-06 00:49:32] [7642] text/html,application/xhtml+xml,application/xml;q=0.9,*/*;q=0.8
[ERR] [2017-09-06 00:49:32] [7642] fileNotFound
[NFO] [2017-09-06 00:49:32] [7642] file served
[NFO] [2017-09-06 00:49:34] [7643] closing connection...
[NFO] [2017-09-06 00:49:34] [7643] ...connection closed.
[NFO] [2017-09-06 00:49:34] [7636] closing connection...
[NFO] [2017-09-06 00:49:34] [7636] ...connection closed.
[NFO] [2017-09-06 00:49:34] [7644] closing connection...
[NFO] [2017-09-06 00:49:34] [7644] ...connection closed.
[NFO] [2017-09-06 00:49:34] [7638] closing connection...
[NFO] [2017-09-06 00:49:34] [7638] ...connection closed.
[NFO] [2017-09-06 00:49:34] [7639] closing connection...
[NFO] [2017-09-06 00:49:34] [7639] ...connection closed.
[NFO] [2017-09-06 00:49:34] [7642] closing connection...
[NFO] [2017-09-06 00:49:34] [7642] ...connection closed.
[NFO] [2017-09-06 00:49:36] [7641] ...begin client service...
[NFO] [2017-09-06 00:49:38] [7641] closing connection...
[NFO] [2017-09-06 00:49:38] [7641] ...connection closed.
[NFO] [2017-09-06 00:49:43] [7637] ...begin client service...
[NFO] [2017-09-06 00:49:43] [7637] Header HTTP OK
[NFO] [2017-09-06 00:49:43] [7637] HTTP/1.1 200 OK

[NFO] [2017-09-06 00:49:43] [7637] Request path: /
[NFO] [2017-09-06 00:49:43] [7637] Accept = 
[NFO] [2017-09-06 00:49:43] [7637] text/html,application/xhtml+xml,application/xml;q=0.9,*/*;q=0.8
[ERR] [2017-09-06 00:49:43] [7637] fileNotFound
[NFO] [2017-09-06 00:49:43] [7637] file served
[NFO] [2017-09-06 00:49:44] [7637] Header HTTP OK
[NFO] [2017-09-06 00:49:44] [7637] HTTP/1.1 200 OK

[NFO] [2017-09-06 00:49:44] [7637] Request path: /thumbs/picture1.png
[NFO] [2017-09-06 00:49:44] [7637] Accept = 
[NFO] [2017-09-06 00:49:44] [7637] */*
[ERR] [2017-09-06 00:49:44] [7637] fileNotFound
[NFO] [2017-09-06 00:49:44] [7637] file served
[NFO] [2017-09-06 00:49:44] [7637] Header HTTP OK
[NFO] [2017-09-06 00:49:44] [7637] HTTP/1.1 200 OK

[NFO] [2017-09-06 00:49:44] [7637] Request path: /thumbs/picture2.png
[NFO] [2017-09-06 00:49:44] [7637] Accept = 
[NFO] [2017-09-06 00:49:44] [7637] */*
[ERR] [2017-09-06 00:49:44] [7637] fileNotFound
[NFO] [2017-09-06 00:49:44] [7640] ...begin client service...
[NFO] [2017-09-06 00:49:44] [7637] file served
[NFO] [2017-09-06 00:49:44] [7645] ...begin client service...
[NFO] [2017-09-06 00:49:44] [7645] Header HTTP OK
[NFO] [2017-09-06 00:49:44] [7645] HTTP/1.1 200 OK

[NFO] [2017-09-06 00:49:44] [7645] Request path: /thumbs/picture4.png
[NFO] [2017-09-06 00:49:44] [7645] Accept = 
[NFO] [2017-09-06 00:49:44] [7645] */*
[NFO] [2017-09-06 00:49:44] [7640] Header HTTP OK
[ERR] [2017-09-06 00:49:44] [7645] fileNotFound
[NFO] [2017-09-06 00:49:44] [7640] HTTP/1.1 200 OK

[NFO] [2017-09-06 00:49:44] [7645] file served
[NFO] [2017-09-06 00:49:44] [7640] Request path: /thumbs/picture3.png
[NFO] [2017-09-06 00:49:44] [7640] Accept = 
[NFO] [2017-09-06 00:49:44] [7640] */*
[ERR] [2017-09-06 00:49:44] [7640] fileNotFound
[NFO] [2017-09-06 00:49:44] [7640] file served
[NFO] [2017-09-06 00:49:44] [7643] ...begin client service...
[NFO] [2017-09-06 00:49:44] [7636] ...begin client service...
[NFO] [2017-09-06 00:49:44] [7644] ...begin client service...
[NFO] [2017-09-06 00:49:44] [7645] Header HTTP OK
[NFO] [2017-09-06 00:49:44] [7645] HTTP/1.1 200 OK

[NFO] [2017-09-06 00:49:44] [7645] Request path: /thumbs/picture6.png
[NFO] [2017-09-06 00:49:44] [7645] Accept = 
[NFO] [2017-09-06 00:49:44] [7645] */*
[NFO] [2017-09-06 00:49:44] [7640] Header HTTP OK
[ERR] [2017-09-06 00:49:44] [7645] fileNotFound
[NFO] [2017-09-06 00:49:44] [7640] HTTP/1.1 200 OK

[NFO] [2017-09-06 00:49:44] [7645] file served
[NFO] [2017-09-06 00:49:44] [7640] Request path: /thumbs/picture5.png
[NFO] [2017-09-06 00:49:44] [7640] Accept = 
[NFO] [2017-09-06 00:49:44] [7640] */*
[ERR] [2017-09-06 00:49:44] [7640] fileNotFound
[NFO] [2017-09-06 00:49:44] [7640] file served
[NFO] [2017-09-06 00:49:44] [7636] Header HTTP OK
[NFO] [2017-09-06 00:49:44] [7636] HTTP/1.1 200 OK

[NFO] [2017-09-06 00:49:44] [7636] Request path: /thumbs/picture8.png
[NFO] [2017-09-06 00:49:44] [7636] Accept = 
[NFO] [2017-09-06 00:49:44] [7636] */*
[NFO] [2017-09-06 00:49:44] [7644] Header HTTP OK
[NFO] [2017-09-06 00:49:44] [7644] HTTP/1.1 200 OK

[NFO] [2017-09-06 00:49:44] [7644] Request path: /thumbs/picture7.png
[NFO] [2017-09-06 00:49:44] [7644] Accept = 
[NFO] [2017-09-06 00:49:44] [7644] */*
[ERR] [2017-09-06 00:49:44] [7644] fileNotFound
[NFO] [2017-09-06 00:49:44] [7643] Header HTTP OK
[NFO] [2017-09-06 00:49:44] [7643] HTTP/1.1 200 OK

[NFO] [2017-09-06 00:49:44] [7643] Request path: /thumbs/picture9.png
[NFO] [2017-09-06 00:49:44] [7643] Accept = 
[NFO] [2017-09-06 00:49:44] [7643] */*
[NFO] [2017-09-06 00:49:44] [7644] file served
[ERR] [2017-09-06 00:49:44] [7636] fileNotFound
[NFO] [2017-09-06 00:49:44] [7636] file served
[ERR] [2017-09-06 00:49:44] [7643] fileNotFound
[NFO] [2017-09-06 00:49:44] [7643] file served
[NFO] [2017-09-06 00:49:44] [7644] Header HTTP OK
[NFO] [2017-09-06 00:49:44] [7644] HTTP/1.1 200 OK

[NFO] [2017-09-06 00:49:44] [7644] Request path: /thumbs/picture10.png
[NFO] [2017-09-06 00:49:44] [7644] Accept = 
[NFO] [2017-09-06 00:49:44] [7644] */*
[ERR] [2017-09-06 00:49:44] [7644] fileNotFound
[NFO] [2017-09-06 00:49:44] [7644] file served
[NFO] [2017-09-06 00:49:44] [7636] Header HTTP OK
[NFO] [2017-09-06 00:49:44] [7636] HTTP/1.1 200 OK

[NFO] [2017-09-06 00:49:44] [7636] Request path: /thumbs/picture11.png
[NFO] [2017-09-06 00:49:44] [7636] Accept = 
[NFO] [2017-09-06 00:49:44] [7636] */*
[ERR] [2017-09-06 00:49:44] [7636] fileNotFound
[NFO] [2017-09-06 00:49:44] [7636] file served
[NFO] [2017-09-06 00:49:44] [7643] Header HTTP OK
[NFO] [2017-09-06 00:49:44] [7643] HTTP/1.1 200 OK

[NFO] [2017-09-06 00:49:44] [7643] Request path: /thumbs/picture12.png
[NFO] [2017-09-06 00:49:44] [7643] Accept = 
[NFO] [2017-09-06 00:49:44] [7643] */*
[ERR] [2017-09-06 00:49:44] [7643] fileNotFound
[NFO] [2017-09-06 00:49:44] [7643] file served
[NFO] [2017-09-06 00:49:44] [7637] Header HTTP OK
[NFO] [2017-09-06 00:49:44] [7637] HTTP/1.1 200 OK

[NFO] [2017-09-06 00:49:44] [7637] Request path: /thumbs/picture13.png
[NFO] [2017-09-06 00:49:44] [7637] Accept = 
[NFO] [2017-09-06 00:49:44] [7637] */*
[ERR] [2017-09-06 00:49:44] [7637] fileNotFound
[NFO] [2017-09-06 00:49:44] [7637] file served
[NFO] [2017-09-06 00:49:44] [7640] Header HTTP OK
[NFO] [2017-09-06 00:49:44] [7640] HTTP/1.1 200 OK

[NFO] [2017-09-06 00:49:44] [7640] Request path: /thumbs/picture14.png
[NFO] [2017-09-06 00:49:44] [7640] Accept = 
[NFO] [2017-09-06 00:49:44] [7645] Header HTTP OK
[NFO] [2017-09-06 00:49:44] [7640] */*
[NFO] [2017-09-06 00:49:44] [7645] HTTP/1.1 200 OK

[NFO] [2017-09-06 00:49:44] [7645] Request path: /thumbs/picture15.png
[NFO] [2017-09-06 00:49:44] [7645] Accept = 
[NFO] [2017-09-06 00:49:44] [7645] */*
[ERR] [2017-09-06 00:49:44] [7640] fileNotFound
[ERR] [2017-09-06 00:49:44] [7645] fileNotFound
[NFO] [2017-09-06 00:49:44] [7640] file served
[NFO] [2017-09-06 00:49:44] [7645] file served
[NFO] [2017-09-06 00:49:44] [7644] Header HTTP OK
[NFO] [2017-09-06 00:49:44] [7644] HTTP/1.1 200 OK

[NFO] [2017-09-06 00:49:44] [7644] Request path: /thumbs/picture16.png
[NFO] [2017-09-06 00:49:44] [7644] Accept = 
[NFO] [2017-09-06 00:49:44] [7644] */*
[ERR] [2017-09-06 00:49:44] [7644] fileNotFound
[NFO] [2017-09-06 00:49:44] [7644] file served
[NFO] [2017-09-06 00:49:44] [7636] Header HTTP OK
[NFO] [2017-09-06 00:49:44] [7636] HTTP/1.1 200 OK

[NFO] [2017-09-06 00:49:44] [7636] Request path: /thumbs/picture17.png
[NFO] [2017-09-06 00:49:44] [7636] Accept = 
[NFO] [2017-09-06 00:49:44] [7636] */*
[ERR] [2017-09-06 00:49:44] [7636] fileNotFound
[NFO] [2017-09-06 00:49:44] [7636] file served
[NFO] [2017-09-06 00:49:44] [7643] Header HTTP OK
[NFO] [2017-09-06 00:49:44] [7643] HTTP/1.1 200 OK

[NFO] [2017-09-06 00:49:44] [7643] Request path: /thumbs/picture18.png
[NFO] [2017-09-06 00:49:44] [7643] Accept = 
[NFO] [2017-09-06 00:49:44] [7643] */*
[ERR] [2017-09-06 00:49:44] [7643] fileNotFound
[NFO] [2017-09-06 00:49:44] [7643] file served
[NFO] [2017-09-06 00:49:44] [7637] Header HTTP OK
[NFO] [2017-09-06 00:49:44] [7637] HTTP/1.1 200 OK

[NFO] [2017-09-06 00:49:44] [7637] Request path: /thumbs/picture19.png
[NFO] [2017-09-06 00:49:44] [7637] Accept = 
[NFO] [2017-09-06 00:49:44] [7637] */*
[ERR] [2017-09-06 00:49:44] [7637] fileNotFound
[NFO] [2017-09-06 00:49:44] [7637] file served
[NFO] [2017-09-06 00:49:44] [7645] Header HTTP OK
[NFO] [2017-09-06 00:49:44] [7645] HTTP/1.1 200 OK

[NFO] [2017-09-06 00:49:44] [7645] Request path: /thumbs/picture20.png
[NFO] [2017-09-06 00:49:44] [7645] Accept = 
[NFO] [2017-09-06 00:49:44] [7645] */*
[ERR] [2017-09-06 00:49:44] [7645] fileNotFound
[NFO] [2017-09-06 00:49:44] [7645] file served
[NFO] [2017-09-06 00:49:44] [7640] Header HTTP OK
[NFO] [2017-09-06 00:49:44] [7640] HTTP/1.1 200 OK

[NFO] [2017-09-06 00:49:44] [7640] Request path: /thumbs/picture21.png
[NFO] [2017-09-06 00:49:44] [7640] Accept = 
[NFO] [2017-09-06 00:49:44] [7640] */*
[ERR] [2017-09-06 00:49:44] [7640] fileNotFound
[NFO] [2017-09-06 00:49:44] [7636] Header HTTP OK
[NFO] [2017-09-06 00:49:44] [7636] HTTP/1.1 200 OK

[NFO] [2017-09-06 00:49:44] [7636] Request path: /thumbs/picture23.png
[NFO] [2017-09-06 00:49:44] [7636] Accept = 
[NFO] [2017-09-06 00:49:44] [7636] */*
[NFO] [2017-09-06 00:49:44] [7640] file served
[ERR] [2017-09-06 00:49:44] [7636] fileNotFound
[NFO] [2017-09-06 00:49:44] [7636] file served
[NFO] [2017-09-06 00:49:44] [7643] Header HTTP OK
[NFO] [2017-09-06 00:49:44] [7643] HTTP/1.1 200 OK

[NFO] [2017-09-06 00:49:44] [7643] Request path: /thumbs/picture24.png
[NFO] [2017-09-06 00:49:44] [7643] Accept = 
[NFO] [2017-09-06 00:49:44] [7643] */*
[ERR] [2017-09-06 00:49:44] [7643] fileNotFound
[NFO] [2017-09-06 00:49:44] [7643] file served
[NFO] [2017-09-06 00:49:44] [7644] Header HTTP OK
[NFO] [2017-09-06 00:49:44] [7644] HTTP/1.1 200 OK

[NFO] [2017-09-06 00:49:44] [7644] Request path: /thumbs/picture22.png
[NFO] [2017-09-06 00:49:44] [7644] Accept = 
[NFO] [2017-09-06 00:49:44] [7644] */*
[ERR] [2017-09-06 00:49:44] [7644] fileNotFound
[NFO] [2017-09-06 00:49:44] [7644] file served
[NFO] [2017-09-06 00:49:44] [7637] Header HTTP OK
[NFO] [2017-09-06 00:49:44] [7637] HTTP/1.1 200 OK

[NFO] [2017-09-06 00:49:44] [7637] Request path: /thumbs/picture25.png
[NFO] [2017-09-06 00:49:44] [7637] Accept = 
[NFO] [2017-09-06 00:49:44] [7637] */*
[ERR] [2017-09-06 00:49:44] [7637] fileNotFound
[NFO] [2017-09-06 00:49:44] [7637] file served
[NFO] [2017-09-06 00:49:44] [7645] Header HTTP OK
[NFO] [2017-09-06 00:49:44] [7645] HTTP/1.1 200 OK

[NFO] [2017-09-06 00:49:44] [7645] Request path: /thumbs/picture26.png
[NFO] [2017-09-06 00:49:44] [7645] Accept = 
[NFO] [2017-09-06 00:49:44] [7645] */*
[ERR] [2017-09-06 00:49:44] [7645] fileNotFound
[NFO] [2017-09-06 00:49:44] [7645] file served
[NFO] [2017-09-06 00:49:44] [7640] Header HTTP OK
[NFO] [2017-09-06 00:49:44] [7640] HTTP/1.1 200 OK

[NFO] [2017-09-06 00:49:44] [7640] Request path: /thumbs/picture27.png
[NFO] [2017-09-06 00:49:44] [7640] Accept = 
[NFO] [2017-09-06 00:49:44] [7640] */*
[ERR] [2017-09-06 00:49:44] [7640] fileNotFound
[NFO] [2017-09-06 00:49:44] [7640] file served
[NFO] [2017-09-06 00:49:44] [7640] Header HTTP OK
[NFO] [2017-09-06 00:49:44] [7640] HTTP/1.1 200 OK

[NFO] [2017-09-06 00:49:44] [7640] Request path: /bgr.gif
[NFO] [2017-09-06 00:49:44] [7640] Accept = 
[NFO] [2017-09-06 00:49:44] [7640] */*
[ERR] [2017-09-06 00:49:44] [7640] fileNotFound
[NFO] [2017-09-06 00:49:44] [7640] file served
[NFO] [2017-09-06 00:49:44] [7644] Header HTTP OK
[NFO] [2017-09-06 00:49:44] [7644] HTTP/1.1 200 OK

[NFO] [2017-09-06 00:49:44] [7644] Request path: /favicon.ico
[NFO] [2017-09-06 00:49:44] [7644] Accept = 
[NFO] [2017-09-06 00:49:44] [7644] text/html,application/xhtml+xml,application/xml;q=0.9,*/*;q=0.8
[ERR] [2017-09-06 00:49:44] [7644] fileNotFound
[NFO] [2017-09-06 00:49:44] [7644] file served
[NFO] [2017-09-06 00:49:46] [7643] closing connection...
[NFO] [2017-09-06 00:49:46] [7636] closing connection...
[NFO] [2017-09-06 00:49:46] [7643] ...connection closed.
[NFO] [2017-09-06 00:49:46] [7636] ...connection closed.
[NFO] [2017-09-06 00:49:46] [7637] closing connection...
[NFO] [2017-09-06 00:49:46] [7645] closing connection...
[NFO] [2017-09-06 00:49:46] [7637] ...connection closed.
[NFO] [2017-09-06 00:49:46] [7645] ...connection closed.
[NFO] [2017-09-06 00:49:46] [7640] closing connection...
[NFO] [2017-09-06 00:49:46] [7640] ...connection closed.
[NFO] [2017-09-06 00:49:46] [7644] closing connection...
[NFO] [2017-09-06 00:49:46] [7644] ...connection closed.
[NFO] [2017-09-06 00:50:07] [7630] 
user time = 24.014, sys time = 1.79

